<?xml version="1.0" encoding="UTF-8"?>
<!-- Generated by org.testng.reporters.JUnitReportReporter -->
<testsuite hostname="ArunDharshTanvi" failures="0" tests="1" name="testLogin.LoginOrangeHRM" time="4.290" errors="0" timestamp="2025-02-21T09:53:12 EET" skipped="0">
  <testcase classname="testLogin.LoginOrangeHRM" name="test" time="4.290"/>
</testsuite> <!-- testLogin.LoginOrangeHRM -->
